<?xml version="1.0" encoding="UTF-8"?>
<testsuite name="org.dita.dost.module.IndexTermExtractModuleTest" tests="1" skipped="0" failures="0" errors="0" timestamp="2019-07-13T09:16:42" hostname="travis-job-2637b70e-5cf1-45dd-9be7-d62c09ba72bc" time="0.294">
  <properties/>
  <testcase name="testWrite" classname="org.dita.dost.module.IndexTermExtractModuleTest" time="0.294"/>
  <system-out><![CDATA[]]></system-out>
  <system-err><![CDATA[]]></system-err>
</testsuite>
